<?xml version="1.0" encoding="UTF-8"?>
<testng-results ignored="0" total="1" passed="1" failed="0" skipped="0">
  <reporter-output>
  </reporter-output>
  <suite started-at="2023-08-24T12:31:50 IST" name="Suite" finished-at="2023-08-24T12:32:05 IST" duration-ms="14794">
    <groups>
    </groups>
    <test started-at="2023-08-24T12:31:50 IST" name="Test" finished-at="2023-08-24T12:32:05 IST" duration-ms="14794">
      <class name="test_Scripts.HM055">
        <test-method is-config="true" signature="beforeSuite()[pri:0, instance:test_Scripts.HM055@3b0fe47a]" started-at="2023-08-24T12:31:49 IST" name="beforeSuite" finished-at="2023-08-24T12:31:50 IST" duration-ms="474" status="PASS">
          <reporter-output>
          </reporter-output>
        </test-method> <!-- beforeSuite -->
        <test-method is-config="true" signature="browserSetup()[pri:0, instance:test_Scripts.HM055@3b0fe47a]" started-at="2023-08-24T12:31:50 IST" name="browserSetup" finished-at="2023-08-24T12:31:50 IST" duration-ms="0" status="PASS">
          <reporter-output>
          </reporter-output>
        </test-method> <!-- browserSetup -->
        <test-method signature="main()[pri:1, instance:test_Scripts.HM055@3b0fe47a]" started-at="2023-08-24T12:31:50 IST" name="main" finished-at="2023-08-24T12:32:04 IST" duration-ms="14504" status="PASS">
          <reporter-output>
          </reporter-output>
        </test-method> <!-- main -->
        <test-method is-config="true" signature="CloseApp()[pri:0, instance:test_Scripts.HM055@3b0fe47a]" started-at="2023-08-24T12:32:04 IST" name="CloseApp" finished-at="2023-08-24T12:32:05 IST" duration-ms="239" status="PASS">
          <reporter-output>
          </reporter-output>
        </test-method> <!-- CloseApp -->
        <test-method is-config="true" signature="afterSuite()[pri:0, instance:test_Scripts.HM055@3b0fe47a]" started-at="2023-08-24T12:32:05 IST" name="afterSuite" finished-at="2023-08-24T12:32:05 IST" duration-ms="768" status="PASS">
          <reporter-output>
          </reporter-output>
        </test-method> <!-- afterSuite -->
      </class> <!-- test_Scripts.HM055 -->
    </test> <!-- Test -->
  </suite> <!-- Suite -->
</testng-results>
